app/build/intermediates/manifest_merge_blame_file/debug/manifest-merger-blame-debug-report.txt
1<?xml version="1.0" encoding="utf-8"?>
2<manifest xmlns:android="http://schemas.android.com/apk/res/android"
3    package="com.gicproject.epsonseefservice"
4    android:versionCode="33"
5    android:versionName="16.0" >
6
7    <uses-sdk
8        android:minSdkVersion="21"
8-->src/main/AndroidManifest.xml
9        android:targetSdkVersion="30" />
9-->src/main/AndroidManifest.xml
10
11    <uses-permission android:name="android.permission.SYSTEM_ALERT_WINDOW" />
11-->src/main/AndroidManifest.xml:6:5-78
11-->src/main/AndroidManifest.xml:6:22-75
12    <uses-permission android:name="android.permission.WRITE_SETTINGS" />
12-->src/main/AndroidManifest.xml:7:5-9:47
12-->src/main/AndroidManifest.xml:8:9-57
13    <uses-permission android:name="android.permission.GET_TASKS" />
13-->src/main/AndroidManifest.xml:10:5-68
13-->src/main/AndroidManifest.xml:10:22-65
14    <uses-permission android:name="android.permission.RECEIVE_BOOT_COMPLETED" /> <!-- <uses-permission android:name="android.permission.ACCESS_BACKGROUND_LOCATION" /> -->
14-->src/main/AndroidManifest.xml:11:5-81
14-->src/main/AndroidManifest.xml:11:22-78
15    <uses-permission android:name="android.permission.WRITE_EXTERNAL_STORAGE" />
15-->src/main/AndroidManifest.xml:12:5-81
15-->src/main/AndroidManifest.xml:12:22-78
16    <uses-permission android:name="android.permission.ACCESS_COARSE_LOCATION" /> <!-- <uses-permission android:name="android.permission.ACCESS_FINE_LOCATION" /> -->
16-->src/main/AndroidManifest.xml:13:5-81
16-->src/main/AndroidManifest.xml:13:22-78
17    <uses-permission android:name="android.permission.BLUETOOTH" />
17-->src/main/AndroidManifest.xml:14:5-68
17-->src/main/AndroidManifest.xml:14:22-65
18    <uses-permission android:name="android.permission.EXPAND_STATUS_BAR" />
18-->src/main/AndroidManifest.xml:15:5-76
18-->src/main/AndroidManifest.xml:15:22-73
19    <uses-permission android:name="android.permission.BLUETOOTH_ADMIN" />
19-->src/main/AndroidManifest.xml:16:5-74
19-->src/main/AndroidManifest.xml:16:22-71
20    <uses-permission android:name="android.permission.INTERNET" />
20-->src/main/AndroidManifest.xml:17:5-67
20-->src/main/AndroidManifest.xml:17:22-64
21    <uses-permission android:name="android.permission.ACCESS_NETWORK_STATE" /> <!-- Permission will be merged into the manifest of the hosting app. -->
21-->[com.starmicronics:smcloudservices:1.4.1] AndroidManifest.xml:11:5-79
21-->[com.starmicronics:smcloudservices:1.4.1] AndroidManifest.xml:11:22-76
22    <!-- Is required to launch foreground extraction service for targetSdkVersion 28+. -->
23    <uses-permission android:name="android.permission.FOREGROUND_SERVICE" />
23-->[com.google.android.play:core:1.8.0] AndroidManifest.xml:8:3-74
23-->[com.google.android.play:core:1.8.0] AndroidManifest.xml:8:20-72
24    <uses-permission android:name="android.permission.READ_PHONE_STATE" />
25    <uses-permission android:name="android.permission.READ_EXTERNAL_STORAGE" />
26
27    <application
27-->src/main/AndroidManifest.xml:19:5-190:19
28        android:name="com.epson.epos2_printer.QappApplication"
28-->src/main/AndroidManifest.xml:20:9-40
29        android:allowBackup="true"
29-->src/main/AndroidManifest.xml:21:9-35
30        android:appComponentFactory="androidx.core.app.CoreComponentFactory"
30-->[androidx.core:core:1.2.0] AndroidManifest.xml:24:18-86
31        android:debuggable="true"
32        android:icon="@drawable/androidicon"
32-->src/main/AndroidManifest.xml:23:9-45
33        android:label="@string/app_name"
33-->src/main/AndroidManifest.xml:24:9-41
34        android:networkSecurityConfig="@xml/network_security_config"
34-->src/main/AndroidManifest.xml:25:9-69
35        android:requestLegacyExternalStorage="true"
35-->src/main/AndroidManifest.xml:26:9-52
36        android:resizeableActivity="false"
36-->src/main/AndroidManifest.xml:27:9-43
37        android:roundIcon="@drawable/androidicon"
37-->src/main/AndroidManifest.xml:28:9-50
38        android:sharedUserId="android.uid.system"
38-->src/main/AndroidManifest.xml:29:9-50
39        android:supportsRtl="true"
39-->src/main/AndroidManifest.xml:30:9-35
40        android:testOnly="true"
41        android:theme="@style/AppTheme"
41-->src/main/AndroidManifest.xml:31:9-40
42        android:usesCleartextTraffic="true" >
42-->src/main/AndroidManifest.xml:22:9-44
43        <activity
43-->src/main/AndroidManifest.xml:34:9-36:77
44            android:name="com.epson.epos2_printer.ui.ScreenSaverActivity"
44-->src/main/AndroidManifest.xml:35:13-51
45            android:configChanges="keyboardHidden|orientation|screenSize" />
45-->src/main/AndroidManifest.xml:36:13-74
46        <activity android:name="com.epson.epos2_printer.ui.IntializeSettingActivity" />
46-->src/main/AndroidManifest.xml:37:9-65
46-->src/main/AndroidManifest.xml:37:19-62
47        <activity android:name="com.epson.epos2_printer.ui.MyScannerActivity" />
47-->src/main/AndroidManifest.xml:38:9-58
47-->src/main/AndroidManifest.xml:38:19-55
48        <activity
48-->src/main/AndroidManifest.xml:39:9-41:52
49            android:name="com.epson.epos2_printer.ui.ManualActivity"
49-->src/main/AndroidManifest.xml:40:13-46
50            android:screenOrientation="portrait" />
50-->src/main/AndroidManifest.xml:41:13-49
51        <activity android:name="com.epson.epos2_printer.ui.SplashActivity" >
51-->src/main/AndroidManifest.xml:42:9-51:20
51-->src/main/AndroidManifest.xml:42:19-52
52            <intent-filter>
52-->src/main/AndroidManifest.xml:43:13-50:29
53                <action android:name="android.intent.action.MAIN" />
53-->src/main/AndroidManifest.xml:44:17-69
53-->src/main/AndroidManifest.xml:44:25-66
54                <action android:name="android.intent.action.VIEW" />
54-->src/main/AndroidManifest.xml:45:17-69
54-->src/main/AndroidManifest.xml:45:25-66
55
56                <category android:name="android.intent.category.DEFAULT" />
56-->src/main/AndroidManifest.xml:47:17-76
56-->src/main/AndroidManifest.xml:47:27-73
57                <category android:name="android.intent.category.HOME" />
57-->src/main/AndroidManifest.xml:48:17-73
57-->src/main/AndroidManifest.xml:48:27-70
58                <category android:name="android.intent.category.LAUNCHER" />
58-->src/main/AndroidManifest.xml:49:17-77
58-->src/main/AndroidManifest.xml:49:27-74
59            </intent-filter>
60        </activity>
61        <activity android:name="com.epson.epos2_printer.utils.LockedActivity" />
61-->src/main/AndroidManifest.xml:52:9-58
61-->src/main/AndroidManifest.xml:52:19-55
62        <activity android:name="com.epson.epos2_printer.ui.IntializeActivity" >
62-->src/main/AndroidManifest.xml:53:9-71:20
62-->src/main/AndroidManifest.xml:53:19-55
63            <intent-filter>
63-->src/main/AndroidManifest.xml:54:13-63:29
64                <action android:name="android.hardware.usb.action.USB_DEVICE_ATTACHED" />
64-->src/main/AndroidManifest.xml:55:17-90
64-->src/main/AndroidManifest.xml:55:25-87
65                <action android:name="android.hardware.usb.action.USB_ACCESSORY_ATTACHED" />
65-->src/main/AndroidManifest.xml:56:17-93
65-->src/main/AndroidManifest.xml:56:25-90
66
67                <!--
68                <action android:name="android.intent.action.MAIN" />
69
70                <category android:name="android.intent.category.LAUNCHER" />
71                -->
72            </intent-filter>
73
74            <meta-data
74-->src/main/AndroidManifest.xml:65:13-67:57
75                android:name="android.hardware.usb.action.USB_DEVICE_ATTACHED"
75-->src/main/AndroidManifest.xml:66:17-79
76                android:resource="@xml/device_filter" />
76-->src/main/AndroidManifest.xml:67:17-54
77            <meta-data
77-->src/main/AndroidManifest.xml:68:13-70:60
78                android:name="android.hardware.usb.action.USB_ACCESSORY_ATTACHED"
78-->src/main/AndroidManifest.xml:69:17-82
79                android:resource="@xml/accessory_filter" />
79-->src/main/AndroidManifest.xml:70:17-57
80        </activity>
81        <activity
81-->src/main/AndroidManifest.xml:72:9-93:20
82            android:name="com.epson.epos2_printer.ui.ServiceActivity"
82-->src/main/AndroidManifest.xml:73:13-47
83            android:configChanges="keyboardHidden|orientation|screenSize" >
83-->src/main/AndroidManifest.xml:74:13-74
84
85            <!--
86            <intent-filter>
87                <action android:name="android.hardware.usb.action.USB_DEVICE_ATTACHED" />
88                <action android:name="android.hardware.usb.action.USB_ACCESSORY_ATTACHED" />
89                &lt;!&ndash;
90                <action android:name="android.intent.action.MAIN" />
91
92                <category android:name="android.intent.category.LAUNCHER" />
93                &ndash;&gt;
94            </intent-filter>
95            <meta-data
96                android:name="android.hardware.usb.action.USB_DEVICE_ATTACHED"
97                android:resource="@xml/device_filter" />
98            <meta-data
99                android:name="android.hardware.usb.action.USB_ACCESSORY_ATTACHED"
100                android:resource="@xml/accessory_filter" />
101            -->
102        </activity>
103        <activity
103-->src/main/AndroidManifest.xml:94:9-97:40
104            android:name="com.epson.epos2_printer.ui.ErrorActivity"
104-->src/main/AndroidManifest.xml:95:13-45
105            android:configChanges="keyboardHidden|orientation|screenSize"
105-->src/main/AndroidManifest.xml:96:13-74
106            android:noHistory="true" />
106-->src/main/AndroidManifest.xml:97:13-37
107        <activity
107-->src/main/AndroidManifest.xml:98:9-100:77
108            android:name="com.epson.epos2_printer.ui.SettingActivity"
108-->src/main/AndroidManifest.xml:99:13-47
109            android:configChanges="keyboardHidden|orientation|screenSize" />
109-->src/main/AndroidManifest.xml:100:13-74
110        <!--
111            <activity
112            android:name=".ui.MobileEntryActivity"
113            android:configChanges="keyboardHidden|orientation|screenSize" />
114        -->
115        <activity
115-->src/main/AndroidManifest.xml:104:9-106:52
116            android:name="com.epson.epos2_printer.SettingActivity"
116-->src/main/AndroidManifest.xml:105:13-44
117            android:screenOrientation="portrait" />
117-->src/main/AndroidManifest.xml:106:13-49
118        <activity
118-->src/main/AndroidManifest.xml:107:9-109:52
119            android:name="com.epson.epos2_printer.PrinterSettingActivity"
119-->src/main/AndroidManifest.xml:108:13-51
120            android:screenOrientation="portrait" />
120-->src/main/AndroidManifest.xml:109:13-49
121        <activity
121-->src/main/AndroidManifest.xml:110:9-112:52
122            android:name="com.epson.epos2_printer.FirmwareUpdateActivity"
122-->src/main/AndroidManifest.xml:111:13-51
123            android:screenOrientation="portrait" />
123-->src/main/AndroidManifest.xml:112:13-49
124        <activity
124-->src/main/AndroidManifest.xml:113:9-115:52
125            android:name="com.epson.epos2_printer.MonitorActivity"
125-->src/main/AndroidManifest.xml:114:13-44
126            android:screenOrientation="portrait" />
126-->src/main/AndroidManifest.xml:115:13-49
127        <activity
127-->src/main/AndroidManifest.xml:116:9-118:52
128            android:name="com.epson.epos2_printer.SingleMonitorActivity"
128-->src/main/AndroidManifest.xml:117:13-50
129            android:screenOrientation="portrait" />
129-->src/main/AndroidManifest.xml:118:13-49
130        <activity
130-->src/main/AndroidManifest.xml:119:9-121:52
131            android:name="com.epson.epos2_printer.MultipleMonitorActivity"
131-->src/main/AndroidManifest.xml:120:13-52
132            android:screenOrientation="portrait" />
132-->src/main/AndroidManifest.xml:121:13-49
133        <activity
133-->src/main/AndroidManifest.xml:122:9-148:20
134            android:name="com.epson.epos2_printer.MainActivity"
134-->src/main/AndroidManifest.xml:123:13-41
135            android:label="@string/app_title"
135-->src/main/AndroidManifest.xml:124:13-46
136            android:screenOrientation="portrait" >
136-->src/main/AndroidManifest.xml:125:13-49
137
138            <!--
139            <intent-filter>
140            &lt;!&ndash;    <action android:name="android.hardware.usb.action.USB_DEVICE_ATTACHED" />
141                <action android:name="android.hardware.usb.action.USB_ACCESSORY_ATTACHED" />&ndash;&gt;
142                &lt;!&ndash;
143                <action android:name="android.intent.action.MAIN" />
144
145                <category android:name="android.intent.category.LAUNCHER" />
146                &ndash;&gt;
147            </intent-filter>
148            -->
149
150
151            <!--
152                <meta-data
153                android:name="android.hardware.usb.action.USB_DEVICE_ATTACHED"
154                android:resource="@xml/device_filter" />
155            <meta-data
156                android:name="android.hardware.usb.action.USB_ACCESSORY_ATTACHED"
157                android:resource="@xml/accessory_filter" />
158            -->
159        </activity>
160        <activity
160-->src/main/AndroidManifest.xml:149:9-152:49
161            android:name="com.epson.epos2_printer.DiscoveryActivity"
161-->src/main/AndroidManifest.xml:150:13-46
162            android:configChanges="keyboardHidden|orientation|screenSize"
162-->src/main/AndroidManifest.xml:151:13-74
163            android:label="@string/app_title" />
163-->src/main/AndroidManifest.xml:152:13-46
164        <!--
165                 <action android:name="android.intent.action.MAIN" />
166
167                <category android:name="android.intent.category.LAUNCHER" />
168        -->
169        <receiver
169-->src/main/AndroidManifest.xml:158:9-173:20
170            android:name="com.epson.epos2_printer.utils.MyDeviceAdminReceiver"
170-->src/main/AndroidManifest.xml:159:13-56
171            android:description="@string/app_name"
171-->src/main/AndroidManifest.xml:160:13-51
172            android:label="@string/app_name"
172-->src/main/AndroidManifest.xml:161:13-45
173            android:permission="android.permission.BIND_DEVICE_ADMIN" >
173-->src/main/AndroidManifest.xml:162:13-70
174            <intent-filter>
174-->src/main/AndroidManifest.xml:163:13-168:29
175                <action android:name="android.intent.action.DEVICE_ADMIN_ENABLED" />
175-->src/main/AndroidManifest.xml:164:17-85
175-->src/main/AndroidManifest.xml:164:25-82
176                <action android:name="android.app.action.DEVICE_ADMIN_DISABLED" />
176-->src/main/AndroidManifest.xml:165:17-83
176-->src/main/AndroidManifest.xml:165:25-80
177                <action android:name="android.intent.action.PROFILE_PROVISIONING_COMPLETE" />
177-->src/main/AndroidManifest.xml:166:17-94
177-->src/main/AndroidManifest.xml:166:25-91
178                <action android:name="android.intent.action.BOOT_COMPLETED" />
178-->src/main/AndroidManifest.xml:167:17-79
178-->src/main/AndroidManifest.xml:167:25-76
179            </intent-filter>
180
181            <meta-data
181-->src/main/AndroidManifest.xml:170:13-172:65
182                android:name="android.app.device_admin"
182-->src/main/AndroidManifest.xml:171:17-56
183                android:resource="@xml/device_admin_reciever" />
183-->src/main/AndroidManifest.xml:172:17-62
184        </receiver>
185        <receiver
185-->src/main/AndroidManifest.xml:174:9-185:20
186            android:name="com.epson.epos2_printer.utils.yourActivityRunOnStartup"
186-->src/main/AndroidManifest.xml:175:13-59
187            android:enabled="true"
187-->src/main/AndroidManifest.xml:176:13-35
188            android:exported="true"
188-->src/main/AndroidManifest.xml:177:13-36
189            android:permission="android.permission.RECEIVE_BOOT_COMPLETED" >
189-->src/main/AndroidManifest.xml:178:13-75
190            <intent-filter>
190-->src/main/AndroidManifest.xml:179:13-184:29
191                <action android:name="android.intent.action.BOOT_COMPLETED" />
191-->src/main/AndroidManifest.xml:167:17-79
191-->src/main/AndroidManifest.xml:167:25-76
192                <action android:name="android.intent.action.QUICKBOOT_POWERON" />
192-->src/main/AndroidManifest.xml:181:17-82
192-->src/main/AndroidManifest.xml:181:25-79
193
194                <category android:name="android.intent.category.DEFAULT" />
194-->src/main/AndroidManifest.xml:47:17-76
194-->src/main/AndroidManifest.xml:47:27-73
195            </intent-filter>
196        </receiver>
197
198        <service
198-->src/main/AndroidManifest.xml:187:9-189:40
199            android:name="com.epson.epos2_printer.utils.KioskService"
199-->src/main/AndroidManifest.xml:188:13-47
200            android:exported="false" />
200-->src/main/AndroidManifest.xml:189:13-37
201
202        <activity
202-->[com.jakewharton:process-phoenix:2.0.0] AndroidManifest.xml:8:9-11:75
203            android:name="com.jakewharton.processphoenix.ProcessPhoenix"
203-->[com.jakewharton:process-phoenix:2.0.0] AndroidManifest.xml:9:13-73
204            android:process=":phoenix"
204-->[com.jakewharton:process-phoenix:2.0.0] AndroidManifest.xml:10:13-39
205            android:theme="@android:style/Theme.Translucent.NoTitleBar" />
205-->[com.jakewharton:process-phoenix:2.0.0] AndroidManifest.xml:11:13-72
206
207        <service
207-->[androidx.room:room-runtime:2.2.1] AndroidManifest.xml:25:9-27:40
208            android:name="androidx.room.MultiInstanceInvalidationService"
208-->[androidx.room:room-runtime:2.2.1] AndroidManifest.xml:26:13-74
209            android:exported="false" /> <!-- The activities will be merged into the manifest of the hosting app. -->
209-->[androidx.room:room-runtime:2.2.1] AndroidManifest.xml:27:13-37
210        <activity
210-->[com.google.android.play:core:1.8.0] AndroidManifest.xml:12:5-271
211            android:name="com.google.android.play.core.missingsplits.PlayCoreMissingSplitsActivity"
211-->[com.google.android.play:core:1.8.0] AndroidManifest.xml:12:15-102
212            android:enabled="false"
212-->[com.google.android.play:core:1.8.0] AndroidManifest.xml:12:103-126
213            android:exported="false"
213-->[com.google.android.play:core:1.8.0] AndroidManifest.xml:12:127-151
214            android:launchMode="singleInstance"
214-->[com.google.android.play:core:1.8.0] AndroidManifest.xml:12:204-239
215            android:process=":playcore_missing_splits_activity"
215-->[com.google.android.play:core:1.8.0] AndroidManifest.xml:12:152-203
216            android:stateNotNeeded="true" />
216-->[com.google.android.play:core:1.8.0] AndroidManifest.xml:12:240-269
217        <activity
217-->[com.google.android.play:core:1.8.0] AndroidManifest.xml:13:5-226
218            android:name="com.google.android.play.core.common.PlayCoreDialogWrapperActivity"
218-->[com.google.android.play:core:1.8.0] AndroidManifest.xml:13:15-95
219            android:enabled="false"
219-->[com.google.android.play:core:1.8.0] AndroidManifest.xml:13:96-119
220            android:exported="false"
220-->[com.google.android.play:core:1.8.0] AndroidManifest.xml:13:120-144
221            android:stateNotNeeded="true"
221-->[com.google.android.play:core:1.8.0] AndroidManifest.xml:13:145-174
222            android:theme="@style/Theme.PlayCore.Transparent" /> <!-- The service will be merged into the manifest of the hosting app. -->
222-->[com.google.android.play:core:1.8.0] AndroidManifest.xml:13:175-224
223        <service
223-->[com.google.android.play:core:1.8.0] AndroidManifest.xml:16:5-145
224            android:name="com.google.android.play.core.assetpacks.AssetPackExtractionService"
224-->[com.google.android.play:core:1.8.0] AndroidManifest.xml:16:14-95
225            android:enabled="false"
225-->[com.google.android.play:core:1.8.0] AndroidManifest.xml:16:96-119
226            android:exported="true" />
226-->[com.google.android.play:core:1.8.0] AndroidManifest.xml:16:120-143
227    </application>
228
229</manifest>